<?xml version="1.0" encoding="UTF-8"?>
<!-- Generated by org.testng.reporters.JUnitXMLReporter -->
<testsuite hostname="SUNR-Desktop" ignored="0" name="RestaurantApp Test" tests="4" failures="0" timestamp="01 Dec 2019 05:52:39 GMT" time="17.16" errors="0">
  <testcase name="SignUpTest" time="0.502" classname="com.Restaurant.testCases.TC_AddLoginCredentials_003"/>
  <testcase name="SignUpTest" time="0.386" classname="com.Restaurant.testCases.TC_AddLoginCredentials_003"/>
  <testcase name="SignUpTest" time="0.57" classname="com.Restaurant.testCases.TC_AddLoginCredentials_003"/>
  <testcase name="SignUpTest" time="0.912" classname="com.Restaurant.testCases.TC_AddLoginCredentials_003"/>
</testsuite> <!-- RestaurantApp Test -->
