<?xml version="1.0" encoding="UTF-8"?>
<testng-results skipped="0" failed="1" ignored="0" total="7" passed="6">
  <reporter-output>
  </reporter-output>
  <suite name="RestaurantApp" duration-ms="117512" started-at="2020-05-07T17:45:01Z" finished-at="2020-05-07T17:46:58Z">
    <groups>
    </groups>
    <test name="RestaurantApp Test" duration-ms="117512" started-at="2020-05-07T17:45:01Z" finished-at="2020-05-07T17:46:58Z">
      <class name="com.Restaurant.testCases.TC_LoginTest_001">
        <test-method status="PASS" signature="setup(java.lang.String)[pri:0, instance:com.Restaurant.testCases.TC_LoginTest_001@77caeb3e]" name="setup" is-config="true" duration-ms="15158" started-at="2020-05-07T13:45:01Z" finished-at="2020-05-07T13:45:16Z">
          <params>
            <param index="0">
              <value>
                <![CDATA[chrome]]>
              </value>
            </param>
          </params>
          <reporter-output>
          </reporter-output>
        </test-method> <!-- setup -->
        <test-method status="PASS" signature="loginTest()[pri:0, instance:com.Restaurant.testCases.TC_LoginTest_001@77caeb3e]" name="loginTest" duration-ms="18340" started-at="2020-05-07T13:45:16Z" finished-at="2020-05-07T13:45:35Z">
          <reporter-output>
          </reporter-output>
        </test-method> <!-- loginTest -->
        <test-method status="PASS" signature="tearDown()[pri:0, instance:com.Restaurant.testCases.TC_LoginTest_001@77caeb3e]" name="tearDown" is-config="true" duration-ms="748" started-at="2020-05-07T13:45:35Z" finished-at="2020-05-07T13:45:35Z">
          <reporter-output>
          </reporter-output>
        </test-method> <!-- tearDown -->
      </class> <!-- com.Restaurant.testCases.TC_LoginTest_001 -->
      <class name="com.Restaurant.testCases.TC_AddLoginCredentials_003">
        <test-method status="PASS" signature="setup(java.lang.String)[pri:0, instance:com.Restaurant.testCases.TC_AddLoginCredentials_003@42d80b78]" name="setup" is-config="true" duration-ms="12576" started-at="2020-05-07T13:46:40Z" finished-at="2020-05-07T13:46:52Z">
          <params>
            <param index="0">
              <value>
                <![CDATA[chrome]]>
              </value>
            </param>
          </params>
          <reporter-output>
          </reporter-output>
        </test-method> <!-- setup -->
        <test-method status="PASS" signature="SignUpTest(java.lang.String, java.lang.String, java.lang.String)[pri:0, instance:com.Restaurant.testCases.TC_AddLoginCredentials_003@42d80b78]" name="SignUpTest" duration-ms="703" started-at="2020-05-07T13:46:54Z" data-provider="LoginData" finished-at="2020-05-07T13:46:54Z">
          <params>
            <param index="0">
              <value>
                <![CDATA[]]>
              </value>
            </param>
            <param index="1">
              <value>
                <![CDATA[Name2@gmail.com]]>
              </value>
            </param>
            <param index="2">
              <value>
                <![CDATA[Apple124]]>
              </value>
            </param>
          </params>
          <reporter-output>
          </reporter-output>
        </test-method> <!-- SignUpTest -->
        <test-method status="PASS" signature="SignUpTest(java.lang.String, java.lang.String, java.lang.String)[pri:0, instance:com.Restaurant.testCases.TC_AddLoginCredentials_003@42d80b78]" name="SignUpTest" duration-ms="602" started-at="2020-05-07T13:46:54Z" data-provider="LoginData" finished-at="2020-05-07T13:46:55Z">
          <params>
            <param index="0">
              <value>
                <![CDATA[NameB]]>
              </value>
            </param>
            <param index="1">
              <value>
                <![CDATA[]]>
              </value>
            </param>
            <param index="2">
              <value>
                <![CDATA[Apple125]]>
              </value>
            </param>
          </params>
          <reporter-output>
          </reporter-output>
        </test-method> <!-- SignUpTest -->
        <test-method status="PASS" signature="SignUpTest(java.lang.String, java.lang.String, java.lang.String)[pri:0, instance:com.Restaurant.testCases.TC_AddLoginCredentials_003@42d80b78]" name="SignUpTest" duration-ms="683" started-at="2020-05-07T13:46:55Z" data-provider="LoginData" finished-at="2020-05-07T13:46:56Z">
          <params>
            <param index="0">
              <value>
                <![CDATA[NameC]]>
              </value>
            </param>
            <param index="1">
              <value>
                <![CDATA[Name4@gmail.com]]>
              </value>
            </param>
            <param index="2">
              <value>
                <![CDATA[]]>
              </value>
            </param>
          </params>
          <reporter-output>
          </reporter-output>
        </test-method> <!-- SignUpTest -->
        <test-method status="PASS" signature="SignUpTest(java.lang.String, java.lang.String, java.lang.String)[pri:0, instance:com.Restaurant.testCases.TC_AddLoginCredentials_003@42d80b78]" name="SignUpTest" duration-ms="1746" started-at="2020-05-07T13:46:56Z" data-provider="LoginData" finished-at="2020-05-07T13:46:57Z">
          <params>
            <param index="0">
              <value>
                <![CDATA[NameA]]>
              </value>
            </param>
            <param index="1">
              <value>
                <![CDATA[Name1@gmail.com]]>
              </value>
            </param>
            <param index="2">
              <value>
                <![CDATA[Apple123]]>
              </value>
            </param>
          </params>
          <reporter-output>
          </reporter-output>
        </test-method> <!-- SignUpTest -->
        <test-method status="PASS" signature="tearDown()[pri:0, instance:com.Restaurant.testCases.TC_AddLoginCredentials_003@42d80b78]" name="tearDown" is-config="true" duration-ms="728" started-at="2020-05-07T13:46:57Z" finished-at="2020-05-07T13:46:58Z">
          <reporter-output>
          </reporter-output>
        </test-method> <!-- tearDown -->
      </class> <!-- com.Restaurant.testCases.TC_AddLoginCredentials_003 -->
      <class name="com.Restaurant.testCases.TC_SearchForDish_002">
        <test-method status="PASS" signature="setup(java.lang.String)[pri:0, instance:com.Restaurant.testCases.TC_SearchForDish_002@1e88b3c]" name="setup" is-config="true" duration-ms="12057" started-at="2020-05-07T13:45:35Z" finished-at="2020-05-07T13:45:47Z">
          <params>
            <param index="0">
              <value>
                <![CDATA[chrome]]>
              </value>
            </param>
          </params>
          <reporter-output>
          </reporter-output>
        </test-method> <!-- setup -->
        <test-method status="PASS" signature="loginTest()[pri:0, instance:com.Restaurant.testCases.TC_SearchForDish_002@1e88b3c]" name="loginTest" duration-ms="16674" started-at="2020-05-07T13:45:47Z" finished-at="2020-05-07T13:46:04Z">
          <reporter-output>
          </reporter-output>
        </test-method> <!-- loginTest -->
        <test-method status="FAIL" signature="Search_Dish()[pri:0, instance:com.Restaurant.testCases.TC_SearchForDish_002@1e88b3c]" name="Search_Dish" duration-ms="34711" started-at="2020-05-07T13:46:04Z" finished-at="2020-05-07T13:46:39Z">
          <exception class="org.openqa.selenium.NoSuchElementException">
            <message>
              <![CDATA[no such element: Unable to locate element: {"method":"xpath","selector":"//h3[contains(text(),'TaskUs Demo  13')]"}
  (Session info: chrome=83.0.4103.34)
  (Driver info: chromedriver=2.43.600210 (68dcf5eebde37173d4027fa8635e332711d2874a),platform=Windows NT 10.0.18363 x86_64) (WARNING: The server did not provide any stacktrace information)
Command duration or timeout: 0 milliseconds
For documentation on this error, please visit: http://seleniumhq.org/exceptions/no_such_element.html
Build info: version: '3.14.0', revision: 'aacccce0', time: '2018-08-02T20:19:58.91Z'
System info: host: 'UMASUNDAR', ip: '192.168.0.15', os.name: 'Windows 10', os.arch: 'amd64', os.version: '10.0', java.version: '1.8.0_71'
Driver info: org.openqa.selenium.chrome.ChromeDriver
Capabilities {acceptInsecureCerts: false, acceptSslCerts: false, applicationCacheEnabled: false, browserConnectionEnabled: false, browserName: chrome, chrome: {chromedriverVersion: 2.43.600210 (68dcf5eebde371..., userDataDir: C:\Users\Umadevi\AppData\Lo...}, cssSelectorsEnabled: true, databaseEnabled: false, goog:chromeOptions: {debuggerAddress: localhost:53188}, handlesAlerts: true, hasTouchScreen: false, javascriptEnabled: true, locationContextEnabled: true, mobileEmulationEnabled: false, nativeEvents: true, networkConnectionEnabled: false, pageLoadStrategy: normal, platform: XP, platformName: XP, rotatable: false, setWindowRect: true, takesHeapSnapshot: true, takesScreenshot: true, unexpectedAlertBehaviour: , unhandledPromptBehavior: , version: 83.0.4103.34, webStorageEnabled: true}
Session ID: d9decd53c9b439034fe86b2d58352e31
*** Element info: {Using=xpath, value=//h3[contains(text(),'TaskUs Demo  13')]}]]>
            </message>
            <full-stacktrace>
              <![CDATA[org.openqa.selenium.NoSuchElementException: no such element: Unable to locate element: {"method":"xpath","selector":"//h3[contains(text(),'TaskUs Demo  13')]"}
  (Session info: chrome=83.0.4103.34)
  (Driver info: chromedriver=2.43.600210 (68dcf5eebde37173d4027fa8635e332711d2874a),platform=Windows NT 10.0.18363 x86_64) (WARNING: The server did not provide any stacktrace information)
Command duration or timeout: 0 milliseconds
For documentation on this error, please visit: http://seleniumhq.org/exceptions/no_such_element.html
Build info: version: '3.14.0', revision: 'aacccce0', time: '2018-08-02T20:19:58.91Z'
System info: host: 'UMASUNDAR', ip: '192.168.0.15', os.name: 'Windows 10', os.arch: 'amd64', os.version: '10.0', java.version: '1.8.0_71'
Driver info: org.openqa.selenium.chrome.ChromeDriver
Capabilities {acceptInsecureCerts: false, acceptSslCerts: false, applicationCacheEnabled: false, browserConnectionEnabled: false, browserName: chrome, chrome: {chromedriverVersion: 2.43.600210 (68dcf5eebde371..., userDataDir: C:\Users\Umadevi\AppData\Lo...}, cssSelectorsEnabled: true, databaseEnabled: false, goog:chromeOptions: {debuggerAddress: localhost:53188}, handlesAlerts: true, hasTouchScreen: false, javascriptEnabled: true, locationContextEnabled: true, mobileEmulationEnabled: false, nativeEvents: true, networkConnectionEnabled: false, pageLoadStrategy: normal, platform: XP, platformName: XP, rotatable: false, setWindowRect: true, takesHeapSnapshot: true, takesScreenshot: true, unexpectedAlertBehaviour: , unhandledPromptBehavior: , version: 83.0.4103.34, webStorageEnabled: true}
Session ID: d9decd53c9b439034fe86b2d58352e31
*** Element info: {Using=xpath, value=//h3[contains(text(),'TaskUs Demo  13')]}
	at sun.reflect.NativeConstructorAccessorImpl.newInstance0(Native Method)
	at sun.reflect.NativeConstructorAccessorImpl.newInstance(Unknown Source)
	at sun.reflect.DelegatingConstructorAccessorImpl.newInstance(Unknown Source)
	at java.lang.reflect.Constructor.newInstance(Unknown Source)
	at org.openqa.selenium.remote.ErrorHandler.createThrowable(ErrorHandler.java:214)
	at org.openqa.selenium.remote.ErrorHandler.throwIfResponseFailed(ErrorHandler.java:166)
	at org.openqa.selenium.remote.http.JsonHttpResponseCodec.reconstructValue(JsonHttpResponseCodec.java:40)
	at org.openqa.selenium.remote.http.AbstractHttpResponseCodec.decode(AbstractHttpResponseCodec.java:80)
	at org.openqa.selenium.remote.http.AbstractHttpResponseCodec.decode(AbstractHttpResponseCodec.java:44)
	at org.openqa.selenium.remote.HttpCommandExecutor.execute(HttpCommandExecutor.java:158)
	at org.openqa.selenium.remote.service.DriverCommandExecutor.execute(DriverCommandExecutor.java:83)
	at org.openqa.selenium.remote.RemoteWebDriver.execute(RemoteWebDriver.java:548)
	at org.openqa.selenium.remote.RemoteWebDriver.findElement(RemoteWebDriver.java:322)
	at org.openqa.selenium.remote.RemoteWebDriver.findElementByXPath(RemoteWebDriver.java:424)
	at org.openqa.selenium.By$ByXPath.findElement(By.java:353)
	at org.openqa.selenium.remote.RemoteWebDriver.findElement(RemoteWebDriver.java:314)
	at org.openqa.selenium.support.pagefactory.DefaultElementLocator.findElement(DefaultElementLocator.java:69)
	at org.openqa.selenium.support.pagefactory.internal.LocatingElementHandler.invoke(LocatingElementHandler.java:38)
	at com.sun.proxy.$Proxy12.click(Unknown Source)
	at com.Restaurant.pageObjects.SearchDishPage.click_ChosenDish(SearchDishPage.java:44)
	at com.Restaurant.testCases.TC_SearchForDish_002.Search_Dish(TC_SearchForDish_002.java:27)
	at sun.reflect.NativeMethodAccessorImpl.invoke0(Native Method)
	at sun.reflect.NativeMethodAccessorImpl.invoke(Unknown Source)
	at sun.reflect.DelegatingMethodAccessorImpl.invoke(Unknown Source)
	at java.lang.reflect.Method.invoke(Unknown Source)
	at org.testng.internal.MethodInvocationHelper.invokeMethod(MethodInvocationHelper.java:108)
	at org.testng.internal.Invoker.invokeMethod(Invoker.java:661)
	at org.testng.internal.Invoker.invokeTestMethod(Invoker.java:869)
	at org.testng.internal.Invoker.invokeTestMethods(Invoker.java:1193)
	at org.testng.internal.TestMethodWorker.invokeTestMethods(TestMethodWorker.java:126)
	at org.testng.internal.TestMethodWorker.run(TestMethodWorker.java:109)
	at org.testng.TestRunner.privateRun(TestRunner.java:744)
	at org.testng.TestRunner.run(TestRunner.java:602)
	at org.testng.SuiteRunner.runTest(SuiteRunner.java:380)
	at org.testng.SuiteRunner.runSequentially(SuiteRunner.java:375)
	at org.testng.SuiteRunner.privateRun(SuiteRunner.java:340)
	at org.testng.SuiteRunner.run(SuiteRunner.java:289)
	at org.testng.SuiteRunnerWorker.runSuite(SuiteRunnerWorker.java:52)
	at org.testng.SuiteRunnerWorker.run(SuiteRunnerWorker.java:86)
	at org.testng.TestNG.runSuitesSequentially(TestNG.java:1301)
	at org.testng.TestNG.runSuitesLocally(TestNG.java:1226)
	at org.testng.TestNG.runSuites(TestNG.java:1144)
	at org.testng.TestNG.run(TestNG.java:1115)
	at org.testng.remote.AbstractRemoteTestNG.run(AbstractRemoteTestNG.java:126)
	at org.testng.remote.RemoteTestNG.initAndRun(RemoteTestNG.java:137)
	at org.testng.remote.RemoteTestNG.main(RemoteTestNG.java:58)
]]>
            </full-stacktrace>
          </exception> <!-- org.openqa.selenium.NoSuchElementException -->
          <reporter-output>
          </reporter-output>
        </test-method> <!-- Search_Dish -->
        <test-method status="PASS" signature="tearDown()[pri:0, instance:com.Restaurant.testCases.TC_SearchForDish_002@1e88b3c]" name="tearDown" is-config="true" duration-ms="772" started-at="2020-05-07T13:46:39Z" finished-at="2020-05-07T13:46:40Z">
          <reporter-output>
          </reporter-output>
        </test-method> <!-- tearDown -->
      </class> <!-- com.Restaurant.testCases.TC_SearchForDish_002 -->
    </test> <!-- RestaurantApp Test -->
  </suite> <!-- RestaurantApp -->
</testng-results>
